<?xml version="1.0" encoding="UTF-8"?>
<!-- Generated by org.testng.reporters.JUnitReportReporter -->
<testsuite hostname="DESKTOP-FSA7TIF" name="Package.TestNG_Priority" tests="1" failures="0" timestamp="26 Apr 2020 12:01:34 GMT" time="0.012" errors="0">
  <testcase name="a_test" time="0.012" classname="Package.TestNG_Priority"/>
</testsuite> <!-- Package.TestNG_Priority -->
