<?xml version="1.0" encoding="UTF-8"?>
<!-- Generated by org.testng.reporters.JUnitReportReporter -->
<testsuite hostname="DESKTOP-FSA7TIF" name="Package.TestNG_Enable_testcase" tests="3" failures="0" timestamp="25 Apr 2020 20:53:16 GMT" time="0.013" errors="0">
  <testcase name="a_test" time="0.010" classname="Package.TestNG_Enable_testcase"/>
  <testcase name="c_test" time="0.002" classname="Package.TestNG_Enable_testcase"/>
  <testcase name="b_test" time="0.001" classname="Package.TestNG_Enable_testcase"/>
</testsuite> <!-- Package.TestNG_Enable_testcase -->
