<?xml version="1.0" encoding="UTF-8"?>
<!-- Generated by org.testng.reporters.JUnitReportReporter -->
<testsuite hostname="DESKTOP-FSA7TIF" name="Package.TestngAnnotation" tests="2" failures="0" timestamp="26 Apr 2020 10:43:01 GMT" time="0.005" errors="0">
  <testcase name="testCase1" time="0.003" classname="Package.TestngAnnotation"/>
  <testcase name="testCase2" time="0.002" classname="Package.TestngAnnotation"/>
</testsuite> <!-- Package.TestngAnnotation -->
