<?xml version="1.0" encoding="UTF-8"?>
<!-- Generated by org.testng.reporters.JUnitReportReporter -->
<testsuite hostname="DESKTOP-FSA7TIF" name="Package.TestNG_Sample" tests="2" failures="0" timestamp="26 Apr 2020 10:43:02 GMT" time="0.003" errors="0">
  <testcase name="test1" time="0.002" classname="Package.TestNG_Sample"/>
  <testcase name="test" time="0.001" classname="Package.TestNG_Sample"/>
</testsuite> <!-- Package.TestNG_Sample -->
