<?xml version="1.0" encoding="UTF-8"?>
<!-- Generated by org.testng.reporters.JUnitReportReporter -->
<testsuite hostname="DESKTOP-FSA7TIF" name="Package.DropdownBox" tests="1" failures="0" timestamp="26 Apr 2020 10:43:02 GMT" time="58.923" errors="0">
  <testcase name="f" time="58.923" classname="Package.DropdownBox"/>
</testsuite> <!-- Package.DropdownBox -->
