<?xml version="1.0" encoding="UTF-8"?>
<!-- Generated by org.testng.reporters.JUnitReportReporter -->
<testsuite hostname="DESKTOP-FSA7TIF" name="Package.Relative_xpath_AND_OR" tests="1" failures="0" timestamp="12 Apr 2020 16:47:11 GMT" time="16.546" errors="0">
  <testcase name="f" time="16.546" classname="Package.Relative_xpath_AND_OR"/>
</testsuite> <!-- Package.Relative_xpath_AND_OR -->
