<?xml version="1.0" encoding="UTF-8"?>
<!-- Generated by org.testng.reporters.JUnitReportReporter -->
<testsuite hostname="DESKTOP-FSA7TIF" name="Package.TestNG_Grouping_Test_cases" tests="4" failures="0" timestamp="26 Apr 2020 11:30:02 GMT" time="0.021" errors="0">
  <testcase name="test1" time="0.014" classname="Package.TestNG_Grouping_Test_cases"/>
  <testcase name="test2" time="0.002" classname="Package.TestNG_Grouping_Test_cases"/>
  <testcase name="test5" time="0.002" classname="Package.TestNG_Grouping_Test_cases"/>
  <testcase name="test4" time="0.003" classname="Package.TestNG_Grouping_Test_cases"/>
</testsuite> <!-- Package.TestNG_Grouping_Test_cases -->
