<?xml version="1.0" encoding="UTF-8"?>
<!-- Generated by org.testng.reporters.JUnitReportReporter -->
<testsuite hostname="DESKTOP-FSA7TIF" name="Package.Read_excel" tests="1" failures="0" timestamp="19 Apr 2020 15:36:03 GMT" time="0.877" errors="0">
  <testcase name="f" time="0.877" classname="Package.Read_excel"/>
</testsuite> <!-- Package.Read_excel -->
