<?xml version="1.0" encoding="UTF-8"?>
<!-- Generated by org.testng.reporters.JUnitReportReporter -->
<testsuite hostname="DESKTOP-FSA7TIF" name="Package.Alert" tests="1" failures="0" timestamp="26 Apr 2020 10:43:03 GMT" time="18.434" errors="0">
  <testcase name="f" time="18.434" classname="Package.Alert"/>
</testsuite> <!-- Package.Alert -->
