<?xml version="1.0" encoding="UTF-8"?>
<!-- Generated by org.testng.reporters.JUnitReportReporter -->
<testsuite hostname="DESKTOP-FSA7TIF" name="Package.Absolute_xpath" tests="1" failures="0" timestamp="26 Apr 2020 10:43:04 GMT" time="19.086" errors="0">
  <testcase name="f" time="19.086" classname="Package.Absolute_xpath"/>
</testsuite> <!-- Package.Absolute_xpath -->
