<?xml version="1.0" encoding="UTF-8"?>
<!-- Generated by org.testng.reporters.JUnitReportReporter -->
<testsuite hostname="DESKTOP-FSA7TIF" name="Package.TestNG_InvocationCount" tests="5" failures="0" timestamp="26 Apr 2020 12:06:49 GMT" time="0.025" errors="0">
  <testcase name="test1" time="0.013" classname="Package.TestNG_InvocationCount"/>
  <testcase name="test3" time="0.005" classname="Package.TestNG_InvocationCount"/>
  <testcase name="test2" time="0.002" classname="Package.TestNG_InvocationCount"/>
  <testcase name="test2" time="0.003" classname="Package.TestNG_InvocationCount"/>
  <testcase name="test1" time="0.002" classname="Package.TestNG_InvocationCount"/>
</testsuite> <!-- Package.TestNG_InvocationCount -->
