<?xml version="1.0" encoding="UTF-8"?>
<!-- Generated by org.testng.reporters.JUnitReportReporter -->
<testsuite hostname="DESKTOP-FSA7TIF" name="Package.Thread_sleep" tests="1" failures="0" timestamp="26 Apr 2020 10:43:02 GMT" time="39.440" errors="0">
  <testcase name="f" time="39.440" classname="Package.Thread_sleep"/>
</testsuite> <!-- Package.Thread_sleep -->
