<?xml version="1.0" encoding="UTF-8"?>
<!-- Generated by org.testng.reporters.JUnitReportReporter -->
<testsuite hostname="DESKTOP-FSA7TIF" name="Package.NewTest" tests="2" failures="0" timestamp="26 Apr 2020 10:43:03 GMT" time="0.002" errors="0">
  <testcase name="f" time="0.001" classname="Package.NewTest"/>
  <testcase name="f" time="0.001" classname="Package.NewTest"/>
</testsuite> <!-- Package.NewTest -->
