<?xml version="1.0" encoding="UTF-8"?>
<!-- Generated by org.testng.reporters.JUnitReportReporter -->
<testsuite hostname="DESKTOP-FSA7TIF" name="Package.Actions_method_Action_Interface_Right_Click" tests="1" failures="0" timestamp="18 Apr 2020 06:53:47 GMT" time="18.592" errors="0">
  <testcase name="f" time="18.592" classname="Package.Actions_method_Action_Interface_Right_Click"/>
</testsuite> <!-- Package.Actions_method_Action_Interface_Right_Click -->
