<?xml version="1.0" encoding="UTF-8"?>
<!-- Generated by org.testng.reporters.JUnitReportReporter -->
<testsuite hostname="DESKTOP-FSA7TIF" name="Package.Relative_xpath_with_two_attribute" tests="1" failures="0" timestamp="26 Apr 2020 10:43:03 GMT" time="35.200" errors="0">
  <testcase name="f" time="35.200" classname="Package.Relative_xpath_with_two_attribute"/>
</testsuite> <!-- Package.Relative_xpath_with_two_attribute -->
