<?xml version="1.0" encoding="UTF-8"?>
<!-- Generated by org.testng.reporters.JUnitReportReporter -->
<testsuite hostname="DESKTOP-FSA7TIF" name="Package.TestNG_Enable_true_testcase" tests="3" failures="0" timestamp="26 Apr 2020 12:02:54 GMT" time="0.016" errors="0">
  <testcase name="a_test" time="0.012" classname="Package.TestNG_Enable_true_testcase"/>
  <testcase name="c_test" time="0.003" classname="Package.TestNG_Enable_true_testcase"/>
  <testcase name="b_test" time="0.001" classname="Package.TestNG_Enable_true_testcase"/>
</testsuite> <!-- Package.TestNG_Enable_true_testcase -->
