<?xml version="1.0" encoding="UTF-8"?>
<!-- Generated by org.testng.reporters.JUnitReportReporter -->
<testsuite hostname="DESKTOP-FSA7TIF" name="Package.Startwith_Endswith_Any" tests="1" failures="0" timestamp="26 Apr 2020 12:29:52 GMT" time="13.256" errors="0">
  <testcase name="f" time="13.256" classname="Package.Startwith_Endswith_Any"/>
</testsuite> <!-- Package.Startwith_Endswith_Any -->
