<?xml version="1.0" encoding="UTF-8"?>
<!-- Generated by org.testng.reporters.JUnitReportReporter -->
<testsuite hostname="DESKTOP-FSA7TIF" name="Package.FB_Account_Creation" tests="1" failures="0" timestamp="16 Apr 2020 04:25:05 GMT" time="18.163" errors="0">
  <testcase name="f" time="18.163" classname="Package.FB_Account_Creation"/>
</testsuite> <!-- Package.FB_Account_Creation -->
