<?xml version="1.0" encoding="UTF-8"?>
<!-- Generated by org.testng.reporters.JUnitReportReporter -->
<testsuite hostname="DESKTOP-FSA7TIF" name="Package.xpath_contains_function" tests="1" failures="0" timestamp="12 Apr 2020 17:53:06 GMT" time="14.145" errors="0">
  <testcase name="f" time="14.145" classname="Package.xpath_contains_function"/>
</testsuite> <!-- Package.xpath_contains_function -->
