<?xml version="1.0" encoding="UTF-8"?>
<!-- Generated by org.testng.reporters.JUnitReportReporter -->
<testsuite hostname="DESKTOP-FSA7TIF" name="Package.xpath" tests="1" failures="0" timestamp="10 Apr 2020 22:28:12 GMT" time="15.167" errors="0">
  <testcase name="f" time="15.167" classname="Package.xpath"/>
</testsuite> <!-- Package.xpath -->
