<?xml version="1.0" encoding="UTF-8"?>
<!-- Generated by org.testng.reporters.JUnitReportReporter -->
<testsuite hostname="DESKTOP-FSA7TIF" name="Package.xpath_text_function" tests="1" failures="0" timestamp="26 Apr 2020 10:43:03 GMT" time="37.037" errors="0">
  <testcase name="f" time="37.037" classname="Package.xpath_text_function"/>
</testsuite> <!-- Package.xpath_text_function -->
