<?xml version="1.0" encoding="UTF-8"?>
<!-- Generated by org.testng.reporters.JUnitReportReporter -->
<testsuite hostname="DESKTOP-FSA7TIF" name="Package.Actions_MouseHower" tests="1" failures="0" timestamp="17 Apr 2020 12:29:12 GMT" time="17.690" errors="0">
  <testcase name="f" time="17.690" classname="Package.Actions_MouseHower"/>
</testsuite> <!-- Package.Actions_MouseHower -->
