<?xml version="1.0" encoding="UTF-8"?>
<!-- Generated by org.testng.reporters.JUnitReportReporter -->
<testsuite hostname="DESKTOP-FSA7TIF" name="Package.Annotation1" tests="1" failures="0" timestamp="25 Apr 2020 17:49:58 GMT" time="0.004" errors="0">
  <testcase name="testADemo" time="0.004" classname="Package.Annotation1"/>
</testsuite> <!-- Package.Annotation1 -->
