<?xml version="1.0" encoding="UTF-8"?>
<!-- Generated by org.testng.reporters.JUnitReportReporter -->
<testsuite hostname="DESKTOP-FSA7TIF" name="Package.TestNG_Priority_with_numbers" tests="3" failures="0" timestamp="25 Apr 2020 20:43:13 GMT" time="0.020" errors="0">
  <testcase name="b_test" time="0.012" classname="Package.TestNG_Priority_with_numbers"/>
  <testcase name="a_test" time="0.004" classname="Package.TestNG_Priority_with_numbers"/>
  <testcase name="c_test" time="0.004" classname="Package.TestNG_Priority_with_numbers"/>
</testsuite> <!-- Package.TestNG_Priority_with_numbers -->
