<?xml version="1.0" encoding="UTF-8"?>
<!-- Generated by org.testng.reporters.JUnitReportReporter -->
<testsuite hostname="DESKTOP-FSA7TIF" name="Package.Anno_SOP_Reporter" tests="1" failures="0" timestamp="25 Apr 2020 19:08:37 GMT" time="14.583" errors="0">
  <testcase name="f" time="14.583" classname="Package.Anno_SOP_Reporter"/>
</testsuite> <!-- Package.Anno_SOP_Reporter -->
