<?xml version="1.0" encoding="UTF-8"?>
<!-- Generated by org.testng.reporters.JUnitReportReporter -->
<testsuite hostname="DESKTOP-FSA7TIF" name="Package.Actions_method_Action_Interface_Mouse_Hower" tests="1" failures="0" timestamp="18 Apr 2020 12:04:16 GMT" time="77.784" errors="0">
  <testcase name="f" time="77.784" classname="Package.Actions_method_Action_Interface_Mouse_Hower"/>
</testsuite> <!-- Package.Actions_method_Action_Interface_Mouse_Hower -->
