<?xml version="1.0" encoding="UTF-8"?>
<!-- Generated by org.testng.reporters.JUnitReportReporter -->
<testsuite hostname="DESKTOP-FSA7TIF" name="Package.TestNG_dependsonMethods" tests="3" failures="0" timestamp="26 Apr 2020 12:02:01 GMT" time="0.015" errors="0">
  <testcase name="Logout" time="0.001" classname="Package.TestNG_dependsonMethods"/>
  <testcase name="OpenBrowser" time="0.012" classname="Package.TestNG_dependsonMethods"/>
  <testcase name="SignIn" time="0.002" classname="Package.TestNG_dependsonMethods"/>
</testsuite> <!-- Package.TestNG_dependsonMethods -->
