<?xml version="1.0" encoding="UTF-8"?>
<!-- Generated by org.testng.reporters.JUnitReportReporter -->
<testsuite hostname="DESKTOP-FSA7TIF" name="Package.Relative_xpath" tests="1" failures="0" timestamp="26 Apr 2020 10:43:03 GMT" time="17.721" errors="0">
  <testcase name="f" time="17.721" classname="Package.Relative_xpath"/>
</testsuite> <!-- Package.Relative_xpath -->
