<?xml version="1.0" encoding="UTF-8"?>
<!-- Generated by org.testng.reporters.JUnitReportReporter -->
<testsuite hostname="DESKTOP-FSA7TIF" name="Package.xpath_AND_OR" tests="1" failures="0" timestamp="26 Apr 2020 10:43:03 GMT" time="23.086" errors="0">
  <testcase name="f" time="23.086" classname="Package.xpath_AND_OR"/>
</testsuite> <!-- Package.xpath_AND_OR -->
