<?xml version="1.0" encoding="UTF-8"?>
<!-- Generated by org.testng.reporters.JUnitReportReporter -->
<testsuite hostname="DESKTOP-FSA7TIF" name="Package.TestNG_Failed_Test_cases" tests="2" failures="0" timestamp="28 Apr 2020 14:13:47 GMT" time="0.000" errors="0">
  <testcase name="test4" time="0.000" classname="Package.TestNG_Failed_Test_cases"/>
  <testcase name="test5" time="0.000" classname="Package.TestNG_Failed_Test_cases"/>
</testsuite> <!-- Package.TestNG_Failed_Test_cases -->
