<?xml version="1.0" encoding="UTF-8"?>
<!-- Generated by org.testng.reporters.JUnitReportReporter -->
<testsuite hostname="DESKTOP-FSA7TIF" name="Package.java_Sample" tests="1" failures="0" timestamp="26 Apr 2020 10:43:02 GMT" time="0.001" errors="0">
  <testcase name="s1" time="0.001" classname="Package.java_Sample"/>
</testsuite> <!-- Package.java_Sample -->
