<?xml version="1.0" encoding="UTF-8"?>
<!-- Generated by org.testng.reporters.JUnitReportReporter -->
<testsuite hostname="DESKTOP-FSA7TIF" name="Package.TestngAnnotationTest" tests="1" failures="0" timestamp="25 Apr 2020 12:07:06 GMT" time="20.255" errors="0">
  <testcase name="f1" time="20.255" classname="Package.TestngAnnotationTest"/>
</testsuite> <!-- Package.TestngAnnotationTest -->
