<?xml version="1.0" encoding="UTF-8"?>
<!-- Generated by org.testng.reporters.JUnitReportReporter -->
<testsuite hostname="DESKTOP-FSA7TIF" name="Package.TestNG_Enable_false_testcaseTest" tests="2" failures="0" timestamp="26 Apr 2020 12:03:06 GMT" time="0.013" errors="0">
  <testcase name="b_test" time="0.011" classname="Package.TestNG_Enable_false_testcaseTest"/>
  <testcase name="c_test" time="0.002" classname="Package.TestNG_Enable_false_testcaseTest"/>
</testsuite> <!-- Package.TestNG_Enable_false_testcaseTest -->
