<?xml version="1.0" encoding="UTF-8"?>
<!-- Generated by org.testng.reporters.JUnitReportReporter -->
<testsuite hostname="DESKTOP-FSA7TIF" name="Package.Read_Write_Excel_Sheet" tests="1" failures="0" timestamp="19 Apr 2020 14:55:09 GMT" time="0.950" errors="0">
  <testcase name="f" time="0.950" classname="Package.Read_Write_Excel_Sheet"/>
</testsuite> <!-- Package.Read_Write_Excel_Sheet -->
