<?xml version="1.0" encoding="UTF-8"?>
<!-- Generated by org.testng.reporters.JUnitReportReporter -->
<testsuite hostname="DESKTOP-FSA7TIF" name="Package.Startwith_Endswith" tests="1" failures="0" timestamp="10 Apr 2020 16:35:36 GMT" time="24.918" errors="0">
  <testcase name="f" time="24.918" classname="Package.Startwith_Endswith"/>
</testsuite> <!-- Package.Startwith_Endswith -->
