<?xml version="1.0" encoding="UTF-8"?>
<!-- Generated by org.testng.reporters.JUnitReportReporter -->
<testsuite hostname="DESKTOP-FSA7TIF" name="Package.TestNG_Anno_SOP_Reporter" tests="1" failures="0" timestamp="26 Apr 2020 12:04:17 GMT" time="21.736" errors="0">
  <testcase name="f" time="21.736" classname="Package.TestNG_Anno_SOP_Reporter"/>
</testsuite> <!-- Package.TestNG_Anno_SOP_Reporter -->
